[2021-10-24T13:21:49,923][INFO ][o.e.n.Node               ] [] initializing ...
[2021-10-24T13:21:50,019][INFO ][o.e.e.NodeEnvironment    ] [yqBlHWb] using [1] data paths, mounts [[(C:)]], net usable_space [27.9gb], net total_space [199.7gb], types [NTFS]
[2021-10-24T13:21:50,019][INFO ][o.e.e.NodeEnvironment    ] [yqBlHWb] heap size [989.8mb], compressed ordinary object pointers [true]
[2021-10-24T13:21:50,089][INFO ][o.e.n.Node               ] node name [yqBlHWb] derived from node ID [yqBlHWbIT8qEGGGAO_VWOA]; set [node.name] to override
[2021-10-24T13:21:50,090][INFO ][o.e.n.Node               ] version[6.2.4], pid[16388], build[ccec39f/2018-04-12T20:37:28.497551Z], OS[Windows 10/10.0/amd64], JVM[Oracle Corporation/Java HotSpot(TM) 64-Bit Server VM/1.8.0_291/25.291-b10]
[2021-10-24T13:21:50,091][INFO ][o.e.n.Node               ] JVM arguments [-Xms1g, -Xmx1g, -XX:+UseConcMarkSweepGC, -XX:CMSInitiatingOccupancyFraction=75, -XX:+UseCMSInitiatingOccupancyOnly, -XX:+AlwaysPreTouch, -Xss1m, -Djava.awt.headless=true, -Dfile.encoding=UTF-8, -Djna.nosys=true, -XX:-OmitStackTraceInFastThrow, -Dio.netty.noUnsafe=true, -Dio.netty.noKeySetOptimization=true, -Dio.netty.recycler.maxCapacityPerThread=0, -Dlog4j.shutdownHookEnabled=false, -Dlog4j2.disable.jmx=true, -Djava.io.tmpdir=C:\Users\Tomik\AppData\Local\Temp\elasticsearch, -XX:+HeapDumpOnOutOfMemoryError, -XX:+PrintGCDetails, -XX:+PrintGCDateStamps, -XX:+PrintTenuringDistribution, -XX:+PrintGCApplicationStoppedTime, -Xloggc:logs/gc.log, -XX:+UseGCLogFileRotation, -XX:NumberOfGCLogFiles=32, -XX:GCLogFileSize=64m, -Delasticsearch, -Des.path.home=C:\Users\Tomik\Dropbox\xrysav27\DIP\RePhoto\#elasticsearch-6.2.4, -Des.path.conf=C:\Users\Tomik\Dropbox\xrysav27\DIP\RePhoto\#elasticsearch-6.2.4\config]
[2021-10-24T13:21:51,279][INFO ][o.e.p.PluginsService     ] [yqBlHWb] loaded module [aggs-matrix-stats]
[2021-10-24T13:21:51,280][INFO ][o.e.p.PluginsService     ] [yqBlHWb] loaded module [analysis-common]
[2021-10-24T13:21:51,280][INFO ][o.e.p.PluginsService     ] [yqBlHWb] loaded module [ingest-common]
[2021-10-24T13:21:51,280][INFO ][o.e.p.PluginsService     ] [yqBlHWb] loaded module [lang-expression]
[2021-10-24T13:21:51,281][INFO ][o.e.p.PluginsService     ] [yqBlHWb] loaded module [lang-mustache]
[2021-10-24T13:21:51,281][INFO ][o.e.p.PluginsService     ] [yqBlHWb] loaded module [lang-painless]
[2021-10-24T13:21:51,282][INFO ][o.e.p.PluginsService     ] [yqBlHWb] loaded module [mapper-extras]
[2021-10-24T13:21:51,282][INFO ][o.e.p.PluginsService     ] [yqBlHWb] loaded module [parent-join]
[2021-10-24T13:21:51,282][INFO ][o.e.p.PluginsService     ] [yqBlHWb] loaded module [percolator]
[2021-10-24T13:21:51,282][INFO ][o.e.p.PluginsService     ] [yqBlHWb] loaded module [rank-eval]
[2021-10-24T13:21:51,282][INFO ][o.e.p.PluginsService     ] [yqBlHWb] loaded module [reindex]
[2021-10-24T13:21:51,283][INFO ][o.e.p.PluginsService     ] [yqBlHWb] loaded module [repository-url]
[2021-10-24T13:21:51,283][INFO ][o.e.p.PluginsService     ] [yqBlHWb] loaded module [transport-netty4]
[2021-10-24T13:21:51,286][INFO ][o.e.p.PluginsService     ] [yqBlHWb] loaded module [tribe]
[2021-10-24T13:21:51,289][INFO ][o.e.p.PluginsService     ] [yqBlHWb] no plugins loaded
[2021-10-24T13:21:55,623][INFO ][o.e.d.DiscoveryModule    ] [yqBlHWb] using discovery type [zen]
[2021-10-24T13:21:57,111][INFO ][o.e.n.Node               ] initialized
[2021-10-24T13:21:57,112][INFO ][o.e.n.Node               ] [yqBlHWb] starting ...
[2021-10-24T13:21:59,663][INFO ][o.e.t.TransportService   ] [yqBlHWb] publish_address {127.0.0.1:9300}, bound_addresses {127.0.0.1:9300}, {[::1]:9300}
[2021-10-24T13:22:02,777][INFO ][o.e.c.s.MasterService    ] [yqBlHWb] zen-disco-elected-as-master ([0] nodes joined), reason: new_master {yqBlHWb}{yqBlHWbIT8qEGGGAO_VWOA}{Y-GXXvrPSqa32sVkQrk9Nw}{127.0.0.1}{127.0.0.1:9300}
[2021-10-24T13:22:02,784][INFO ][o.e.c.s.ClusterApplierService] [yqBlHWb] new_master {yqBlHWb}{yqBlHWbIT8qEGGGAO_VWOA}{Y-GXXvrPSqa32sVkQrk9Nw}{127.0.0.1}{127.0.0.1:9300}, reason: apply cluster state (from master [master {yqBlHWb}{yqBlHWbIT8qEGGGAO_VWOA}{Y-GXXvrPSqa32sVkQrk9Nw}{127.0.0.1}{127.0.0.1:9300} committed version [1] source [zen-disco-elected-as-master ([0] nodes joined)]])
[2021-10-24T13:22:03,021][INFO ][o.e.g.GatewayService     ] [yqBlHWb] recovered [1] indices into cluster_state
[2021-10-24T13:22:03,592][INFO ][o.e.c.r.a.AllocationService] [yqBlHWb] Cluster health status changed from [RED] to [YELLOW] (reason: [shards started [[places][4]] ...]).
[2021-10-24T13:22:04,474][INFO ][o.e.h.n.Netty4HttpServerTransport] [yqBlHWb] publish_address {127.0.0.1:9200}, bound_addresses {127.0.0.1:9200}, {[::1]:9200}
[2021-10-24T13:22:04,476][INFO ][o.e.n.Node               ] [yqBlHWb] started
[2021-10-24T13:22:32,824][INFO ][o.e.c.r.a.DiskThresholdMonitor] [yqBlHWb] low disk watermark [85%] exceeded on [yqBlHWbIT8qEGGGAO_VWOA][yqBlHWb][C:\Users\Tomik\Dropbox\xrysav27\DIP\RePhoto\#elasticsearch-6.2.4\data\nodes\0] free: 28.2gb[14.1%], replicas will not be assigned to this node
[2021-10-24T13:23:02,850][INFO ][o.e.c.r.a.DiskThresholdMonitor] [yqBlHWb] low disk watermark [85%] exceeded on [yqBlHWbIT8qEGGGAO_VWOA][yqBlHWb][C:\Users\Tomik\Dropbox\xrysav27\DIP\RePhoto\#elasticsearch-6.2.4\data\nodes\0] free: 28.3gb[14.1%], replicas will not be assigned to this node
[2021-10-24T13:23:32,904][INFO ][o.e.c.r.a.DiskThresholdMonitor] [yqBlHWb] low disk watermark [85%] exceeded on [yqBlHWbIT8qEGGGAO_VWOA][yqBlHWb][C:\Users\Tomik\Dropbox\xrysav27\DIP\RePhoto\#elasticsearch-6.2.4\data\nodes\0] free: 28.2gb[14.1%], replicas will not be assigned to this node
[2021-10-24T13:24:02,928][INFO ][o.e.c.r.a.DiskThresholdMonitor] [yqBlHWb] low disk watermark [85%] exceeded on [yqBlHWbIT8qEGGGAO_VWOA][yqBlHWb][C:\Users\Tomik\Dropbox\xrysav27\DIP\RePhoto\#elasticsearch-6.2.4\data\nodes\0] free: 27.9gb[14%], replicas will not be assigned to this node
[2021-10-24T13:24:32,955][INFO ][o.e.c.r.a.DiskThresholdMonitor] [yqBlHWb] low disk watermark [85%] exceeded on [yqBlHWbIT8qEGGGAO_VWOA][yqBlHWb][C:\Users\Tomik\Dropbox\xrysav27\DIP\RePhoto\#elasticsearch-6.2.4\data\nodes\0] free: 27.9gb[14%], replicas will not be assigned to this node
[2021-10-24T13:25:02,982][INFO ][o.e.c.r.a.DiskThresholdMonitor] [yqBlHWb] low disk watermark [85%] exceeded on [yqBlHWbIT8qEGGGAO_VWOA][yqBlHWb][C:\Users\Tomik\Dropbox\xrysav27\DIP\RePhoto\#elasticsearch-6.2.4\data\nodes\0] free: 27.9gb[14%], replicas will not be assigned to this node
[2021-10-24T13:25:32,999][INFO ][o.e.c.r.a.DiskThresholdMonitor] [yqBlHWb] low disk watermark [85%] exceeded on [yqBlHWbIT8qEGGGAO_VWOA][yqBlHWb][C:\Users\Tomik\Dropbox\xrysav27\DIP\RePhoto\#elasticsearch-6.2.4\data\nodes\0] free: 27.9gb[14%], replicas will not be assigned to this node
[2021-10-24T13:26:03,019][INFO ][o.e.c.r.a.DiskThresholdMonitor] [yqBlHWb] low disk watermark [85%] exceeded on [yqBlHWbIT8qEGGGAO_VWOA][yqBlHWb][C:\Users\Tomik\Dropbox\xrysav27\DIP\RePhoto\#elasticsearch-6.2.4\data\nodes\0] free: 27.9gb[14%], replicas will not be assigned to this node
[2021-10-24T13:26:33,044][INFO ][o.e.c.r.a.DiskThresholdMonitor] [yqBlHWb] low disk watermark [85%] exceeded on [yqBlHWbIT8qEGGGAO_VWOA][yqBlHWb][C:\Users\Tomik\Dropbox\xrysav27\DIP\RePhoto\#elasticsearch-6.2.4\data\nodes\0] free: 27.9gb[14%], replicas will not be assigned to this node
[2021-10-24T13:27:03,058][INFO ][o.e.c.r.a.DiskThresholdMonitor] [yqBlHWb] low disk watermark [85%] exceeded on [yqBlHWbIT8qEGGGAO_VWOA][yqBlHWb][C:\Users\Tomik\Dropbox\xrysav27\DIP\RePhoto\#elasticsearch-6.2.4\data\nodes\0] free: 27.9gb[14%], replicas will not be assigned to this node
[2021-10-24T13:27:33,075][INFO ][o.e.c.r.a.DiskThresholdMonitor] [yqBlHWb] low disk watermark [85%] exceeded on [yqBlHWbIT8qEGGGAO_VWOA][yqBlHWb][C:\Users\Tomik\Dropbox\xrysav27\DIP\RePhoto\#elasticsearch-6.2.4\data\nodes\0] free: 27.9gb[14%], replicas will not be assigned to this node
[2021-10-24T13:28:03,087][INFO ][o.e.c.r.a.DiskThresholdMonitor] [yqBlHWb] low disk watermark [85%] exceeded on [yqBlHWbIT8qEGGGAO_VWOA][yqBlHWb][C:\Users\Tomik\Dropbox\xrysav27\DIP\RePhoto\#elasticsearch-6.2.4\data\nodes\0] free: 27.9gb[14%], replicas will not be assigned to this node
[2021-10-24T13:28:33,108][INFO ][o.e.c.r.a.DiskThresholdMonitor] [yqBlHWb] low disk watermark [85%] exceeded on [yqBlHWbIT8qEGGGAO_VWOA][yqBlHWb][C:\Users\Tomik\Dropbox\xrysav27\DIP\RePhoto\#elasticsearch-6.2.4\data\nodes\0] free: 27.9gb[14%], replicas will not be assigned to this node
[2021-10-24T13:29:03,125][INFO ][o.e.c.r.a.DiskThresholdMonitor] [yqBlHWb] low disk watermark [85%] exceeded on [yqBlHWbIT8qEGGGAO_VWOA][yqBlHWb][C:\Users\Tomik\Dropbox\xrysav27\DIP\RePhoto\#elasticsearch-6.2.4\data\nodes\0] free: 27.9gb[14%], replicas will not be assigned to this node
[2021-10-24T13:29:33,141][INFO ][o.e.c.r.a.DiskThresholdMonitor] [yqBlHWb] low disk watermark [85%] exceeded on [yqBlHWbIT8qEGGGAO_VWOA][yqBlHWb][C:\Users\Tomik\Dropbox\xrysav27\DIP\RePhoto\#elasticsearch-6.2.4\data\nodes\0] free: 27.9gb[14%], replicas will not be assigned to this node
[2021-10-24T13:30:03,166][INFO ][o.e.c.r.a.DiskThresholdMonitor] [yqBlHWb] low disk watermark [85%] exceeded on [yqBlHWbIT8qEGGGAO_VWOA][yqBlHWb][C:\Users\Tomik\Dropbox\xrysav27\DIP\RePhoto\#elasticsearch-6.2.4\data\nodes\0] free: 27.9gb[14%], replicas will not be assigned to this node
[2021-10-24T13:30:33,196][INFO ][o.e.c.r.a.DiskThresholdMonitor] [yqBlHWb] low disk watermark [85%] exceeded on [yqBlHWbIT8qEGGGAO_VWOA][yqBlHWb][C:\Users\Tomik\Dropbox\xrysav27\DIP\RePhoto\#elasticsearch-6.2.4\data\nodes\0] free: 27.9gb[14%], replicas will not be assigned to this node
[2021-10-24T13:31:03,208][INFO ][o.e.c.r.a.DiskThresholdMonitor] [yqBlHWb] low disk watermark [85%] exceeded on [yqBlHWbIT8qEGGGAO_VWOA][yqBlHWb][C:\Users\Tomik\Dropbox\xrysav27\DIP\RePhoto\#elasticsearch-6.2.4\data\nodes\0] free: 27.9gb[14%], replicas will not be assigned to this node
[2021-10-24T13:31:33,222][INFO ][o.e.c.r.a.DiskThresholdMonitor] [yqBlHWb] low disk watermark [85%] exceeded on [yqBlHWbIT8qEGGGAO_VWOA][yqBlHWb][C:\Users\Tomik\Dropbox\xrysav27\DIP\RePhoto\#elasticsearch-6.2.4\data\nodes\0] free: 27.9gb[14%], replicas will not be assigned to this node
[2021-10-24T13:32:03,236][INFO ][o.e.c.r.a.DiskThresholdMonitor] [yqBlHWb] low disk watermark [85%] exceeded on [yqBlHWbIT8qEGGGAO_VWOA][yqBlHWb][C:\Users\Tomik\Dropbox\xrysav27\DIP\RePhoto\#elasticsearch-6.2.4\data\nodes\0] free: 27.9gb[14%], replicas will not be assigned to this node
[2021-10-24T13:32:33,262][INFO ][o.e.c.r.a.DiskThresholdMonitor] [yqBlHWb] low disk watermark [85%] exceeded on [yqBlHWbIT8qEGGGAO_VWOA][yqBlHWb][C:\Users\Tomik\Dropbox\xrysav27\DIP\RePhoto\#elasticsearch-6.2.4\data\nodes\0] free: 27.9gb[14%], replicas will not be assigned to this node
[2021-10-24T13:33:03,279][INFO ][o.e.c.r.a.DiskThresholdMonitor] [yqBlHWb] low disk watermark [85%] exceeded on [yqBlHWbIT8qEGGGAO_VWOA][yqBlHWb][C:\Users\Tomik\Dropbox\xrysav27\DIP\RePhoto\#elasticsearch-6.2.4\data\nodes\0] free: 27.9gb[13.9%], replicas will not be assigned to this node
[2021-10-24T13:33:33,291][INFO ][o.e.c.r.a.DiskThresholdMonitor] [yqBlHWb] low disk watermark [85%] exceeded on [yqBlHWbIT8qEGGGAO_VWOA][yqBlHWb][C:\Users\Tomik\Dropbox\xrysav27\DIP\RePhoto\#elasticsearch-6.2.4\data\nodes\0] free: 27.9gb[13.9%], replicas will not be assigned to this node
[2021-10-24T13:34:03,306][INFO ][o.e.c.r.a.DiskThresholdMonitor] [yqBlHWb] low disk watermark [85%] exceeded on [yqBlHWbIT8qEGGGAO_VWOA][yqBlHWb][C:\Users\Tomik\Dropbox\xrysav27\DIP\RePhoto\#elasticsearch-6.2.4\data\nodes\0] free: 27.9gb[13.9%], replicas will not be assigned to this node
[2021-10-24T13:34:33,319][INFO ][o.e.c.r.a.DiskThresholdMonitor] [yqBlHWb] low disk watermark [85%] exceeded on [yqBlHWbIT8qEGGGAO_VWOA][yqBlHWb][C:\Users\Tomik\Dropbox\xrysav27\DIP\RePhoto\#elasticsearch-6.2.4\data\nodes\0] free: 27.9gb[13.9%], replicas will not be assigned to this node
[2021-10-24T13:35:03,330][INFO ][o.e.c.r.a.DiskThresholdMonitor] [yqBlHWb] low disk watermark [85%] exceeded on [yqBlHWbIT8qEGGGAO_VWOA][yqBlHWb][C:\Users\Tomik\Dropbox\xrysav27\DIP\RePhoto\#elasticsearch-6.2.4\data\nodes\0] free: 27.9gb[13.9%], replicas will not be assigned to this node
[2021-10-24T13:35:33,356][INFO ][o.e.c.r.a.DiskThresholdMonitor] [yqBlHWb] low disk watermark [85%] exceeded on [yqBlHWbIT8qEGGGAO_VWOA][yqBlHWb][C:\Users\Tomik\Dropbox\xrysav27\DIP\RePhoto\#elasticsearch-6.2.4\data\nodes\0] free: 27.9gb[13.9%], replicas will not be assigned to this node
[2021-10-24T13:36:03,375][INFO ][o.e.c.r.a.DiskThresholdMonitor] [yqBlHWb] low disk watermark [85%] exceeded on [yqBlHWbIT8qEGGGAO_VWOA][yqBlHWb][C:\Users\Tomik\Dropbox\xrysav27\DIP\RePhoto\#elasticsearch-6.2.4\data\nodes\0] free: 27.9gb[13.9%], replicas will not be assigned to this node
[2021-10-24T13:36:33,393][INFO ][o.e.c.r.a.DiskThresholdMonitor] [yqBlHWb] low disk watermark [85%] exceeded on [yqBlHWbIT8qEGGGAO_VWOA][yqBlHWb][C:\Users\Tomik\Dropbox\xrysav27\DIP\RePhoto\#elasticsearch-6.2.4\data\nodes\0] free: 27.9gb[13.9%], replicas will not be assigned to this node
[2021-10-24T13:37:03,407][INFO ][o.e.c.r.a.DiskThresholdMonitor] [yqBlHWb] low disk watermark [85%] exceeded on [yqBlHWbIT8qEGGGAO_VWOA][yqBlHWb][C:\Users\Tomik\Dropbox\xrysav27\DIP\RePhoto\#elasticsearch-6.2.4\data\nodes\0] free: 27.9gb[13.9%], replicas will not be assigned to this node
[2021-10-24T13:37:33,420][INFO ][o.e.c.r.a.DiskThresholdMonitor] [yqBlHWb] low disk watermark [85%] exceeded on [yqBlHWbIT8qEGGGAO_VWOA][yqBlHWb][C:\Users\Tomik\Dropbox\xrysav27\DIP\RePhoto\#elasticsearch-6.2.4\data\nodes\0] free: 27.9gb[13.9%], replicas will not be assigned to this node
[2021-10-24T13:38:03,431][INFO ][o.e.c.r.a.DiskThresholdMonitor] [yqBlHWb] low disk watermark [85%] exceeded on [yqBlHWbIT8qEGGGAO_VWOA][yqBlHWb][C:\Users\Tomik\Dropbox\xrysav27\DIP\RePhoto\#elasticsearch-6.2.4\data\nodes\0] free: 27.9gb[13.9%], replicas will not be assigned to this node
[2021-10-24T13:38:33,446][INFO ][o.e.c.r.a.DiskThresholdMonitor] [yqBlHWb] low disk watermark [85%] exceeded on [yqBlHWbIT8qEGGGAO_VWOA][yqBlHWb][C:\Users\Tomik\Dropbox\xrysav27\DIP\RePhoto\#elasticsearch-6.2.4\data\nodes\0] free: 27.9gb[13.9%], replicas will not be assigned to this node
[2021-10-24T13:39:03,469][INFO ][o.e.c.r.a.DiskThresholdMonitor] [yqBlHWb] low disk watermark [85%] exceeded on [yqBlHWbIT8qEGGGAO_VWOA][yqBlHWb][C:\Users\Tomik\Dropbox\xrysav27\DIP\RePhoto\#elasticsearch-6.2.4\data\nodes\0] free: 27.9gb[13.9%], replicas will not be assigned to this node
[2021-10-24T13:39:33,480][INFO ][o.e.c.r.a.DiskThresholdMonitor] [yqBlHWb] low disk watermark [85%] exceeded on [yqBlHWbIT8qEGGGAO_VWOA][yqBlHWb][C:\Users\Tomik\Dropbox\xrysav27\DIP\RePhoto\#elasticsearch-6.2.4\data\nodes\0] free: 27.9gb[13.9%], replicas will not be assigned to this node
[2021-10-24T13:40:03,494][INFO ][o.e.c.r.a.DiskThresholdMonitor] [yqBlHWb] low disk watermark [85%] exceeded on [yqBlHWbIT8qEGGGAO_VWOA][yqBlHWb][C:\Users\Tomik\Dropbox\xrysav27\DIP\RePhoto\#elasticsearch-6.2.4\data\nodes\0] free: 27.9gb[13.9%], replicas will not be assigned to this node
[2021-10-24T13:40:33,507][INFO ][o.e.c.r.a.DiskThresholdMonitor] [yqBlHWb] low disk watermark [85%] exceeded on [yqBlHWbIT8qEGGGAO_VWOA][yqBlHWb][C:\Users\Tomik\Dropbox\xrysav27\DIP\RePhoto\#elasticsearch-6.2.4\data\nodes\0] free: 27.9gb[13.9%], replicas will not be assigned to this node
[2021-10-24T13:41:03,531][INFO ][o.e.c.r.a.DiskThresholdMonitor] [yqBlHWb] low disk watermark [85%] exceeded on [yqBlHWbIT8qEGGGAO_VWOA][yqBlHWb][C:\Users\Tomik\Dropbox\xrysav27\DIP\RePhoto\#elasticsearch-6.2.4\data\nodes\0] free: 27.9gb[13.9%], replicas will not be assigned to this node
[2021-10-24T13:41:33,546][INFO ][o.e.c.r.a.DiskThresholdMonitor] [yqBlHWb] low disk watermark [85%] exceeded on [yqBlHWbIT8qEGGGAO_VWOA][yqBlHWb][C:\Users\Tomik\Dropbox\xrysav27\DIP\RePhoto\#elasticsearch-6.2.4\data\nodes\0] free: 27.9gb[13.9%], replicas will not be assigned to this node
[2021-10-24T13:42:03,571][INFO ][o.e.c.r.a.DiskThresholdMonitor] [yqBlHWb] low disk watermark [85%] exceeded on [yqBlHWbIT8qEGGGAO_VWOA][yqBlHWb][C:\Users\Tomik\Dropbox\xrysav27\DIP\RePhoto\#elasticsearch-6.2.4\data\nodes\0] free: 27.9gb[13.9%], replicas will not be assigned to this node
[2021-10-24T13:42:33,581][INFO ][o.e.c.r.a.DiskThresholdMonitor] [yqBlHWb] low disk watermark [85%] exceeded on [yqBlHWbIT8qEGGGAO_VWOA][yqBlHWb][C:\Users\Tomik\Dropbox\xrysav27\DIP\RePhoto\#elasticsearch-6.2.4\data\nodes\0] free: 27.9gb[13.9%], replicas will not be assigned to this node
[2021-10-24T13:43:03,596][INFO ][o.e.c.r.a.DiskThresholdMonitor] [yqBlHWb] low disk watermark [85%] exceeded on [yqBlHWbIT8qEGGGAO_VWOA][yqBlHWb][C:\Users\Tomik\Dropbox\xrysav27\DIP\RePhoto\#elasticsearch-6.2.4\data\nodes\0] free: 27.9gb[13.9%], replicas will not be assigned to this node
[2021-10-24T13:43:33,607][INFO ][o.e.c.r.a.DiskThresholdMonitor] [yqBlHWb] low disk watermark [85%] exceeded on [yqBlHWbIT8qEGGGAO_VWOA][yqBlHWb][C:\Users\Tomik\Dropbox\xrysav27\DIP\RePhoto\#elasticsearch-6.2.4\data\nodes\0] free: 27.9gb[13.9%], replicas will not be assigned to this node
[2021-10-24T13:44:03,626][INFO ][o.e.c.r.a.DiskThresholdMonitor] [yqBlHWb] low disk watermark [85%] exceeded on [yqBlHWbIT8qEGGGAO_VWOA][yqBlHWb][C:\Users\Tomik\Dropbox\xrysav27\DIP\RePhoto\#elasticsearch-6.2.4\data\nodes\0] free: 27.9gb[13.9%], replicas will not be assigned to this node
[2021-10-24T13:44:33,640][INFO ][o.e.c.r.a.DiskThresholdMonitor] [yqBlHWb] low disk watermark [85%] exceeded on [yqBlHWbIT8qEGGGAO_VWOA][yqBlHWb][C:\Users\Tomik\Dropbox\xrysav27\DIP\RePhoto\#elasticsearch-6.2.4\data\nodes\0] free: 27.9gb[13.9%], replicas will not be assigned to this node
[2021-10-24T13:45:03,670][INFO ][o.e.c.r.a.DiskThresholdMonitor] [yqBlHWb] low disk watermark [85%] exceeded on [yqBlHWbIT8qEGGGAO_VWOA][yqBlHWb][C:\Users\Tomik\Dropbox\xrysav27\DIP\RePhoto\#elasticsearch-6.2.4\data\nodes\0] free: 27.9gb[13.9%], replicas will not be assigned to this node
[2021-10-24T13:45:33,696][INFO ][o.e.c.r.a.DiskThresholdMonitor] [yqBlHWb] low disk watermark [85%] exceeded on [yqBlHWbIT8qEGGGAO_VWOA][yqBlHWb][C:\Users\Tomik\Dropbox\xrysav27\DIP\RePhoto\#elasticsearch-6.2.4\data\nodes\0] free: 27.8gb[13.9%], replicas will not be assigned to this node
[2021-10-24T13:46:03,729][INFO ][o.e.c.r.a.DiskThresholdMonitor] [yqBlHWb] low disk watermark [85%] exceeded on [yqBlHWbIT8qEGGGAO_VWOA][yqBlHWb][C:\Users\Tomik\Dropbox\xrysav27\DIP\RePhoto\#elasticsearch-6.2.4\data\nodes\0] free: 27.8gb[13.9%], replicas will not be assigned to this node
[2021-10-24T13:46:33,744][INFO ][o.e.c.r.a.DiskThresholdMonitor] [yqBlHWb] low disk watermark [85%] exceeded on [yqBlHWbIT8qEGGGAO_VWOA][yqBlHWb][C:\Users\Tomik\Dropbox\xrysav27\DIP\RePhoto\#elasticsearch-6.2.4\data\nodes\0] free: 27.8gb[13.9%], replicas will not be assigned to this node
[2021-10-24T13:47:03,759][INFO ][o.e.c.r.a.DiskThresholdMonitor] [yqBlHWb] low disk watermark [85%] exceeded on [yqBlHWbIT8qEGGGAO_VWOA][yqBlHWb][C:\Users\Tomik\Dropbox\xrysav27\DIP\RePhoto\#elasticsearch-6.2.4\data\nodes\0] free: 27.8gb[13.9%], replicas will not be assigned to this node
[2021-10-24T13:47:33,782][INFO ][o.e.c.r.a.DiskThresholdMonitor] [yqBlHWb] low disk watermark [85%] exceeded on [yqBlHWbIT8qEGGGAO_VWOA][yqBlHWb][C:\Users\Tomik\Dropbox\xrysav27\DIP\RePhoto\#elasticsearch-6.2.4\data\nodes\0] free: 27.8gb[13.9%], replicas will not be assigned to this node
[2021-10-24T13:48:03,796][INFO ][o.e.c.r.a.DiskThresholdMonitor] [yqBlHWb] low disk watermark [85%] exceeded on [yqBlHWbIT8qEGGGAO_VWOA][yqBlHWb][C:\Users\Tomik\Dropbox\xrysav27\DIP\RePhoto\#elasticsearch-6.2.4\data\nodes\0] free: 27.8gb[13.9%], replicas will not be assigned to this node
[2021-10-24T13:48:33,818][INFO ][o.e.c.r.a.DiskThresholdMonitor] [yqBlHWb] low disk watermark [85%] exceeded on [yqBlHWbIT8qEGGGAO_VWOA][yqBlHWb][C:\Users\Tomik\Dropbox\xrysav27\DIP\RePhoto\#elasticsearch-6.2.4\data\nodes\0] free: 27.8gb[13.9%], replicas will not be assigned to this node
[2021-10-24T13:49:03,857][INFO ][o.e.c.r.a.DiskThresholdMonitor] [yqBlHWb] low disk watermark [85%] exceeded on [yqBlHWbIT8qEGGGAO_VWOA][yqBlHWb][C:\Users\Tomik\Dropbox\xrysav27\DIP\RePhoto\#elasticsearch-6.2.4\data\nodes\0] free: 27.8gb[13.9%], replicas will not be assigned to this node
[2021-10-24T13:49:33,871][INFO ][o.e.c.r.a.DiskThresholdMonitor] [yqBlHWb] low disk watermark [85%] exceeded on [yqBlHWbIT8qEGGGAO_VWOA][yqBlHWb][C:\Users\Tomik\Dropbox\xrysav27\DIP\RePhoto\#elasticsearch-6.2.4\data\nodes\0] free: 27.8gb[13.9%], replicas will not be assigned to this node
[2021-10-24T13:50:03,892][INFO ][o.e.c.r.a.DiskThresholdMonitor] [yqBlHWb] low disk watermark [85%] exceeded on [yqBlHWbIT8qEGGGAO_VWOA][yqBlHWb][C:\Users\Tomik\Dropbox\xrysav27\DIP\RePhoto\#elasticsearch-6.2.4\data\nodes\0] free: 27.8gb[13.9%], replicas will not be assigned to this node
[2021-10-24T13:50:33,910][INFO ][o.e.c.r.a.DiskThresholdMonitor] [yqBlHWb] low disk watermark [85%] exceeded on [yqBlHWbIT8qEGGGAO_VWOA][yqBlHWb][C:\Users\Tomik\Dropbox\xrysav27\DIP\RePhoto\#elasticsearch-6.2.4\data\nodes\0] free: 27.8gb[13.9%], replicas will not be assigned to this node
[2021-10-24T13:51:03,936][INFO ][o.e.c.r.a.DiskThresholdMonitor] [yqBlHWb] low disk watermark [85%] exceeded on [yqBlHWbIT8qEGGGAO_VWOA][yqBlHWb][C:\Users\Tomik\Dropbox\xrysav27\DIP\RePhoto\#elasticsearch-6.2.4\data\nodes\0] free: 27.8gb[13.9%], replicas will not be assigned to this node
[2021-10-24T13:51:33,962][INFO ][o.e.c.r.a.DiskThresholdMonitor] [yqBlHWb] low disk watermark [85%] exceeded on [yqBlHWbIT8qEGGGAO_VWOA][yqBlHWb][C:\Users\Tomik\Dropbox\xrysav27\DIP\RePhoto\#elasticsearch-6.2.4\data\nodes\0] free: 27.8gb[13.9%], replicas will not be assigned to this node
[2021-10-24T13:52:03,986][INFO ][o.e.c.r.a.DiskThresholdMonitor] [yqBlHWb] low disk watermark [85%] exceeded on [yqBlHWbIT8qEGGGAO_VWOA][yqBlHWb][C:\Users\Tomik\Dropbox\xrysav27\DIP\RePhoto\#elasticsearch-6.2.4\data\nodes\0] free: 27.8gb[13.9%], replicas will not be assigned to this node
[2021-10-24T13:52:34,012][INFO ][o.e.c.r.a.DiskThresholdMonitor] [yqBlHWb] low disk watermark [85%] exceeded on [yqBlHWbIT8qEGGGAO_VWOA][yqBlHWb][C:\Users\Tomik\Dropbox\xrysav27\DIP\RePhoto\#elasticsearch-6.2.4\data\nodes\0] free: 27.8gb[13.9%], replicas will not be assigned to this node
[2021-10-24T13:53:04,045][INFO ][o.e.c.r.a.DiskThresholdMonitor] [yqBlHWb] low disk watermark [85%] exceeded on [yqBlHWbIT8qEGGGAO_VWOA][yqBlHWb][C:\Users\Tomik\Dropbox\xrysav27\DIP\RePhoto\#elasticsearch-6.2.4\data\nodes\0] free: 27.8gb[13.9%], replicas will not be assigned to this node
[2021-10-24T13:53:34,063][INFO ][o.e.c.r.a.DiskThresholdMonitor] [yqBlHWb] low disk watermark [85%] exceeded on [yqBlHWbIT8qEGGGAO_VWOA][yqBlHWb][C:\Users\Tomik\Dropbox\xrysav27\DIP\RePhoto\#elasticsearch-6.2.4\data\nodes\0] free: 27.8gb[13.9%], replicas will not be assigned to this node
[2021-10-24T13:54:04,096][INFO ][o.e.c.r.a.DiskThresholdMonitor] [yqBlHWb] low disk watermark [85%] exceeded on [yqBlHWbIT8qEGGGAO_VWOA][yqBlHWb][C:\Users\Tomik\Dropbox\xrysav27\DIP\RePhoto\#elasticsearch-6.2.4\data\nodes\0] free: 27.8gb[13.9%], replicas will not be assigned to this node
[2021-10-24T13:54:34,112][INFO ][o.e.c.r.a.DiskThresholdMonitor] [yqBlHWb] low disk watermark [85%] exceeded on [yqBlHWbIT8qEGGGAO_VWOA][yqBlHWb][C:\Users\Tomik\Dropbox\xrysav27\DIP\RePhoto\#elasticsearch-6.2.4\data\nodes\0] free: 27.8gb[13.9%], replicas will not be assigned to this node
[2021-10-24T13:55:04,125][INFO ][o.e.c.r.a.DiskThresholdMonitor] [yqBlHWb] low disk watermark [85%] exceeded on [yqBlHWbIT8qEGGGAO_VWOA][yqBlHWb][C:\Users\Tomik\Dropbox\xrysav27\DIP\RePhoto\#elasticsearch-6.2.4\data\nodes\0] free: 28.3gb[14.1%], replicas will not be assigned to this node
[2021-10-24T13:55:34,144][INFO ][o.e.c.r.a.DiskThresholdMonitor] [yqBlHWb] low disk watermark [85%] exceeded on [yqBlHWbIT8qEGGGAO_VWOA][yqBlHWb][C:\Users\Tomik\Dropbox\xrysav27\DIP\RePhoto\#elasticsearch-6.2.4\data\nodes\0] free: 28.3gb[14.1%], replicas will not be assigned to this node
[2021-10-24T13:56:04,158][INFO ][o.e.c.r.a.DiskThresholdMonitor] [yqBlHWb] low disk watermark [85%] exceeded on [yqBlHWbIT8qEGGGAO_VWOA][yqBlHWb][C:\Users\Tomik\Dropbox\xrysav27\DIP\RePhoto\#elasticsearch-6.2.4\data\nodes\0] free: 28.3gb[14.1%], replicas will not be assigned to this node
[2021-10-24T13:56:34,201][INFO ][o.e.c.r.a.DiskThresholdMonitor] [yqBlHWb] low disk watermark [85%] exceeded on [yqBlHWbIT8qEGGGAO_VWOA][yqBlHWb][C:\Users\Tomik\Dropbox\xrysav27\DIP\RePhoto\#elasticsearch-6.2.4\data\nodes\0] free: 28.3gb[14.1%], replicas will not be assigned to this node
[2021-10-24T13:57:04,212][INFO ][o.e.c.r.a.DiskThresholdMonitor] [yqBlHWb] low disk watermark [85%] exceeded on [yqBlHWbIT8qEGGGAO_VWOA][yqBlHWb][C:\Users\Tomik\Dropbox\xrysav27\DIP\RePhoto\#elasticsearch-6.2.4\data\nodes\0] free: 28.3gb[14.1%], replicas will not be assigned to this node
[2021-10-24T13:57:34,227][INFO ][o.e.c.r.a.DiskThresholdMonitor] [yqBlHWb] low disk watermark [85%] exceeded on [yqBlHWbIT8qEGGGAO_VWOA][yqBlHWb][C:\Users\Tomik\Dropbox\xrysav27\DIP\RePhoto\#elasticsearch-6.2.4\data\nodes\0] free: 28.3gb[14.1%], replicas will not be assigned to this node
[2021-10-24T13:58:04,251][INFO ][o.e.c.r.a.DiskThresholdMonitor] [yqBlHWb] low disk watermark [85%] exceeded on [yqBlHWbIT8qEGGGAO_VWOA][yqBlHWb][C:\Users\Tomik\Dropbox\xrysav27\DIP\RePhoto\#elasticsearch-6.2.4\data\nodes\0] free: 28.3gb[14.1%], replicas will not be assigned to this node
[2021-10-24T13:58:34,311][INFO ][o.e.c.r.a.DiskThresholdMonitor] [yqBlHWb] low disk watermark [85%] exceeded on [yqBlHWbIT8qEGGGAO_VWOA][yqBlHWb][C:\Users\Tomik\Dropbox\xrysav27\DIP\RePhoto\#elasticsearch-6.2.4\data\nodes\0] free: 28.2gb[14.1%], replicas will not be assigned to this node
[2021-10-24T13:59:04,361][INFO ][o.e.c.r.a.DiskThresholdMonitor] [yqBlHWb] low disk watermark [85%] exceeded on [yqBlHWbIT8qEGGGAO_VWOA][yqBlHWb][C:\Users\Tomik\Dropbox\xrysav27\DIP\RePhoto\#elasticsearch-6.2.4\data\nodes\0] free: 28.3gb[14.1%], replicas will not be assigned to this node
[2021-10-24T13:59:34,379][INFO ][o.e.c.r.a.DiskThresholdMonitor] [yqBlHWb] low disk watermark [85%] exceeded on [yqBlHWbIT8qEGGGAO_VWOA][yqBlHWb][C:\Users\Tomik\Dropbox\xrysav27\DIP\RePhoto\#elasticsearch-6.2.4\data\nodes\0] free: 28.3gb[14.1%], replicas will not be assigned to this node
[2021-10-24T14:00:04,396][INFO ][o.e.c.r.a.DiskThresholdMonitor] [yqBlHWb] low disk watermark [85%] exceeded on [yqBlHWbIT8qEGGGAO_VWOA][yqBlHWb][C:\Users\Tomik\Dropbox\xrysav27\DIP\RePhoto\#elasticsearch-6.2.4\data\nodes\0] free: 28.2gb[14.1%], replicas will not be assigned to this node
[2021-10-24T14:00:34,419][INFO ][o.e.c.r.a.DiskThresholdMonitor] [yqBlHWb] low disk watermark [85%] exceeded on [yqBlHWbIT8qEGGGAO_VWOA][yqBlHWb][C:\Users\Tomik\Dropbox\xrysav27\DIP\RePhoto\#elasticsearch-6.2.4\data\nodes\0] free: 28.3gb[14.1%], replicas will not be assigned to this node
[2021-10-24T14:01:04,444][INFO ][o.e.c.r.a.DiskThresholdMonitor] [yqBlHWb] low disk watermark [85%] exceeded on [yqBlHWbIT8qEGGGAO_VWOA][yqBlHWb][C:\Users\Tomik\Dropbox\xrysav27\DIP\RePhoto\#elasticsearch-6.2.4\data\nodes\0] free: 28.3gb[14.1%], replicas will not be assigned to this node
[2021-10-24T14:01:34,456][INFO ][o.e.c.r.a.DiskThresholdMonitor] [yqBlHWb] low disk watermark [85%] exceeded on [yqBlHWbIT8qEGGGAO_VWOA][yqBlHWb][C:\Users\Tomik\Dropbox\xrysav27\DIP\RePhoto\#elasticsearch-6.2.4\data\nodes\0] free: 28.3gb[14.1%], replicas will not be assigned to this node
[2021-10-24T14:02:04,471][INFO ][o.e.c.r.a.DiskThresholdMonitor] [yqBlHWb] low disk watermark [85%] exceeded on [yqBlHWbIT8qEGGGAO_VWOA][yqBlHWb][C:\Users\Tomik\Dropbox\xrysav27\DIP\RePhoto\#elasticsearch-6.2.4\data\nodes\0] free: 28.3gb[14.2%], replicas will not be assigned to this node
[2021-10-24T14:02:34,489][INFO ][o.e.c.r.a.DiskThresholdMonitor] [yqBlHWb] low disk watermark [85%] exceeded on [yqBlHWbIT8qEGGGAO_VWOA][yqBlHWb][C:\Users\Tomik\Dropbox\xrysav27\DIP\RePhoto\#elasticsearch-6.2.4\data\nodes\0] free: 28.3gb[14.2%], replicas will not be assigned to this node
[2021-10-24T14:03:04,511][INFO ][o.e.c.r.a.DiskThresholdMonitor] [yqBlHWb] low disk watermark [85%] exceeded on [yqBlHWbIT8qEGGGAO_VWOA][yqBlHWb][C:\Users\Tomik\Dropbox\xrysav27\DIP\RePhoto\#elasticsearch-6.2.4\data\nodes\0] free: 28.3gb[14.2%], replicas will not be assigned to this node
[2021-10-24T14:03:34,543][INFO ][o.e.c.r.a.DiskThresholdMonitor] [yqBlHWb] low disk watermark [85%] exceeded on [yqBlHWbIT8qEGGGAO_VWOA][yqBlHWb][C:\Users\Tomik\Dropbox\xrysav27\DIP\RePhoto\#elasticsearch-6.2.4\data\nodes\0] free: 28.3gb[14.2%], replicas will not be assigned to this node
[2021-10-24T14:04:04,553][INFO ][o.e.c.r.a.DiskThresholdMonitor] [yqBlHWb] low disk watermark [85%] exceeded on [yqBlHWbIT8qEGGGAO_VWOA][yqBlHWb][C:\Users\Tomik\Dropbox\xrysav27\DIP\RePhoto\#elasticsearch-6.2.4\data\nodes\0] free: 28.3gb[14.2%], replicas will not be assigned to this node
[2021-10-24T14:04:34,573][INFO ][o.e.c.r.a.DiskThresholdMonitor] [yqBlHWb] low disk watermark [85%] exceeded on [yqBlHWbIT8qEGGGAO_VWOA][yqBlHWb][C:\Users\Tomik\Dropbox\xrysav27\DIP\RePhoto\#elasticsearch-6.2.4\data\nodes\0] free: 28.3gb[14.1%], replicas will not be assigned to this node
[2021-10-24T14:05:04,582][INFO ][o.e.c.r.a.DiskThresholdMonitor] [yqBlHWb] low disk watermark [85%] exceeded on [yqBlHWbIT8qEGGGAO_VWOA][yqBlHWb][C:\Users\Tomik\Dropbox\xrysav27\DIP\RePhoto\#elasticsearch-6.2.4\data\nodes\0] free: 28.3gb[14.2%], replicas will not be assigned to this node
[2021-10-24T14:05:34,599][INFO ][o.e.c.r.a.DiskThresholdMonitor] [yqBlHWb] low disk watermark [85%] exceeded on [yqBlHWbIT8qEGGGAO_VWOA][yqBlHWb][C:\Users\Tomik\Dropbox\xrysav27\DIP\RePhoto\#elasticsearch-6.2.4\data\nodes\0] free: 28.3gb[14.1%], replicas will not be assigned to this node
[2021-10-24T14:06:04,622][INFO ][o.e.c.r.a.DiskThresholdMonitor] [yqBlHWb] low disk watermark [85%] exceeded on [yqBlHWbIT8qEGGGAO_VWOA][yqBlHWb][C:\Users\Tomik\Dropbox\xrysav27\DIP\RePhoto\#elasticsearch-6.2.4\data\nodes\0] free: 28.3gb[14.1%], replicas will not be assigned to this node
[2021-10-24T14:06:34,640][INFO ][o.e.c.r.a.DiskThresholdMonitor] [yqBlHWb] low disk watermark [85%] exceeded on [yqBlHWbIT8qEGGGAO_VWOA][yqBlHWb][C:\Users\Tomik\Dropbox\xrysav27\DIP\RePhoto\#elasticsearch-6.2.4\data\nodes\0] free: 28.3gb[14.2%], replicas will not be assigned to this node
[2021-10-24T14:07:04,659][INFO ][o.e.c.r.a.DiskThresholdMonitor] [yqBlHWb] low disk watermark [85%] exceeded on [yqBlHWbIT8qEGGGAO_VWOA][yqBlHWb][C:\Users\Tomik\Dropbox\xrysav27\DIP\RePhoto\#elasticsearch-6.2.4\data\nodes\0] free: 28.3gb[14.2%], replicas will not be assigned to this node
[2021-10-24T14:07:34,684][INFO ][o.e.c.r.a.DiskThresholdMonitor] [yqBlHWb] low disk watermark [85%] exceeded on [yqBlHWbIT8qEGGGAO_VWOA][yqBlHWb][C:\Users\Tomik\Dropbox\xrysav27\DIP\RePhoto\#elasticsearch-6.2.4\data\nodes\0] free: 28.3gb[14.2%], replicas will not be assigned to this node
[2021-10-24T14:08:04,708][INFO ][o.e.c.r.a.DiskThresholdMonitor] [yqBlHWb] low disk watermark [85%] exceeded on [yqBlHWbIT8qEGGGAO_VWOA][yqBlHWb][C:\Users\Tomik\Dropbox\xrysav27\DIP\RePhoto\#elasticsearch-6.2.4\data\nodes\0] free: 28.3gb[14.2%], replicas will not be assigned to this node
[2021-10-24T14:08:34,730][INFO ][o.e.c.r.a.DiskThresholdMonitor] [yqBlHWb] low disk watermark [85%] exceeded on [yqBlHWbIT8qEGGGAO_VWOA][yqBlHWb][C:\Users\Tomik\Dropbox\xrysav27\DIP\RePhoto\#elasticsearch-6.2.4\data\nodes\0] free: 28.3gb[14.2%], replicas will not be assigned to this node
[2021-10-24T14:09:04,746][INFO ][o.e.c.r.a.DiskThresholdMonitor] [yqBlHWb] low disk watermark [85%] exceeded on [yqBlHWbIT8qEGGGAO_VWOA][yqBlHWb][C:\Users\Tomik\Dropbox\xrysav27\DIP\RePhoto\#elasticsearch-6.2.4\data\nodes\0] free: 28.3gb[14.2%], replicas will not be assigned to this node
[2021-10-24T14:09:34,763][INFO ][o.e.c.r.a.DiskThresholdMonitor] [yqBlHWb] low disk watermark [85%] exceeded on [yqBlHWbIT8qEGGGAO_VWOA][yqBlHWb][C:\Users\Tomik\Dropbox\xrysav27\DIP\RePhoto\#elasticsearch-6.2.4\data\nodes\0] free: 28.3gb[14.2%], replicas will not be assigned to this node
[2021-10-24T14:10:04,782][INFO ][o.e.c.r.a.DiskThresholdMonitor] [yqBlHWb] low disk watermark [85%] exceeded on [yqBlHWbIT8qEGGGAO_VWOA][yqBlHWb][C:\Users\Tomik\Dropbox\xrysav27\DIP\RePhoto\#elasticsearch-6.2.4\data\nodes\0] free: 28.3gb[14.2%], replicas will not be assigned to this node
[2021-10-24T14:10:34,803][INFO ][o.e.c.r.a.DiskThresholdMonitor] [yqBlHWb] low disk watermark [85%] exceeded on [yqBlHWbIT8qEGGGAO_VWOA][yqBlHWb][C:\Users\Tomik\Dropbox\xrysav27\DIP\RePhoto\#elasticsearch-6.2.4\data\nodes\0] free: 28.3gb[14.2%], replicas will not be assigned to this node
[2021-10-24T14:11:04,819][INFO ][o.e.c.r.a.DiskThresholdMonitor] [yqBlHWb] low disk watermark [85%] exceeded on [yqBlHWbIT8qEGGGAO_VWOA][yqBlHWb][C:\Users\Tomik\Dropbox\xrysav27\DIP\RePhoto\#elasticsearch-6.2.4\data\nodes\0] free: 28.3gb[14.1%], replicas will not be assigned to this node
[2021-10-24T14:11:34,840][INFO ][o.e.c.r.a.DiskThresholdMonitor] [yqBlHWb] low disk watermark [85%] exceeded on [yqBlHWbIT8qEGGGAO_VWOA][yqBlHWb][C:\Users\Tomik\Dropbox\xrysav27\DIP\RePhoto\#elasticsearch-6.2.4\data\nodes\0] free: 28.3gb[14.1%], replicas will not be assigned to this node
[2021-10-24T14:12:04,854][INFO ][o.e.c.r.a.DiskThresholdMonitor] [yqBlHWb] low disk watermark [85%] exceeded on [yqBlHWbIT8qEGGGAO_VWOA][yqBlHWb][C:\Users\Tomik\Dropbox\xrysav27\DIP\RePhoto\#elasticsearch-6.2.4\data\nodes\0] free: 28.3gb[14.1%], replicas will not be assigned to this node
[2021-10-24T14:12:34,870][INFO ][o.e.c.r.a.DiskThresholdMonitor] [yqBlHWb] low disk watermark [85%] exceeded on [yqBlHWbIT8qEGGGAO_VWOA][yqBlHWb][C:\Users\Tomik\Dropbox\xrysav27\DIP\RePhoto\#elasticsearch-6.2.4\data\nodes\0] free: 28.3gb[14.1%], replicas will not be assigned to this node
[2021-10-24T14:13:04,905][INFO ][o.e.c.r.a.DiskThresholdMonitor] [yqBlHWb] low disk watermark [85%] exceeded on [yqBlHWbIT8qEGGGAO_VWOA][yqBlHWb][C:\Users\Tomik\Dropbox\xrysav27\DIP\RePhoto\#elasticsearch-6.2.4\data\nodes\0] free: 28.3gb[14.1%], replicas will not be assigned to this node
[2021-10-24T14:13:34,946][INFO ][o.e.c.r.a.DiskThresholdMonitor] [yqBlHWb] low disk watermark [85%] exceeded on [yqBlHWbIT8qEGGGAO_VWOA][yqBlHWb][C:\Users\Tomik\Dropbox\xrysav27\DIP\RePhoto\#elasticsearch-6.2.4\data\nodes\0] free: 28.3gb[14.1%], replicas will not be assigned to this node
[2021-10-24T14:14:04,969][INFO ][o.e.c.r.a.DiskThresholdMonitor] [yqBlHWb] low disk watermark [85%] exceeded on [yqBlHWbIT8qEGGGAO_VWOA][yqBlHWb][C:\Users\Tomik\Dropbox\xrysav27\DIP\RePhoto\#elasticsearch-6.2.4\data\nodes\0] free: 28.3gb[14.1%], replicas will not be assigned to this node
[2021-10-24T14:14:34,984][INFO ][o.e.c.r.a.DiskThresholdMonitor] [yqBlHWb] low disk watermark [85%] exceeded on [yqBlHWbIT8qEGGGAO_VWOA][yqBlHWb][C:\Users\Tomik\Dropbox\xrysav27\DIP\RePhoto\#elasticsearch-6.2.4\data\nodes\0] free: 28.3gb[14.1%], replicas will not be assigned to this node
[2021-10-24T14:15:05,015][INFO ][o.e.c.r.a.DiskThresholdMonitor] [yqBlHWb] low disk watermark [85%] exceeded on [yqBlHWbIT8qEGGGAO_VWOA][yqBlHWb][C:\Users\Tomik\Dropbox\xrysav27\DIP\RePhoto\#elasticsearch-6.2.4\data\nodes\0] free: 28.1gb[14%], replicas will not be assigned to this node
[2021-10-24T14:15:35,046][INFO ][o.e.c.r.a.DiskThresholdMonitor] [yqBlHWb] low disk watermark [85%] exceeded on [yqBlHWbIT8qEGGGAO_VWOA][yqBlHWb][C:\Users\Tomik\Dropbox\xrysav27\DIP\RePhoto\#elasticsearch-6.2.4\data\nodes\0] free: 27.8gb[13.9%], replicas will not be assigned to this node
[2021-10-24T14:16:05,081][INFO ][o.e.c.r.a.DiskThresholdMonitor] [yqBlHWb] low disk watermark [85%] exceeded on [yqBlHWbIT8qEGGGAO_VWOA][yqBlHWb][C:\Users\Tomik\Dropbox\xrysav27\DIP\RePhoto\#elasticsearch-6.2.4\data\nodes\0] free: 27.8gb[13.9%], replicas will not be assigned to this node
[2021-10-24T14:16:35,098][INFO ][o.e.c.r.a.DiskThresholdMonitor] [yqBlHWb] low disk watermark [85%] exceeded on [yqBlHWbIT8qEGGGAO_VWOA][yqBlHWb][C:\Users\Tomik\Dropbox\xrysav27\DIP\RePhoto\#elasticsearch-6.2.4\data\nodes\0] free: 27.8gb[13.9%], replicas will not be assigned to this node
[2021-10-24T14:17:05,121][INFO ][o.e.c.r.a.DiskThresholdMonitor] [yqBlHWb] low disk watermark [85%] exceeded on [yqBlHWbIT8qEGGGAO_VWOA][yqBlHWb][C:\Users\Tomik\Dropbox\xrysav27\DIP\RePhoto\#elasticsearch-6.2.4\data\nodes\0] free: 27.8gb[13.9%], replicas will not be assigned to this node
[2021-10-24T14:17:35,144][INFO ][o.e.c.r.a.DiskThresholdMonitor] [yqBlHWb] low disk watermark [85%] exceeded on [yqBlHWbIT8qEGGGAO_VWOA][yqBlHWb][C:\Users\Tomik\Dropbox\xrysav27\DIP\RePhoto\#elasticsearch-6.2.4\data\nodes\0] free: 27.8gb[13.9%], replicas will not be assigned to this node
[2021-10-24T14:18:05,184][INFO ][o.e.c.r.a.DiskThresholdMonitor] [yqBlHWb] low disk watermark [85%] exceeded on [yqBlHWbIT8qEGGGAO_VWOA][yqBlHWb][C:\Users\Tomik\Dropbox\xrysav27\DIP\RePhoto\#elasticsearch-6.2.4\data\nodes\0] free: 27.8gb[13.9%], replicas will not be assigned to this node
[2021-10-24T14:18:35,218][INFO ][o.e.c.r.a.DiskThresholdMonitor] [yqBlHWb] low disk watermark [85%] exceeded on [yqBlHWbIT8qEGGGAO_VWOA][yqBlHWb][C:\Users\Tomik\Dropbox\xrysav27\DIP\RePhoto\#elasticsearch-6.2.4\data\nodes\0] free: 27.8gb[13.9%], replicas will not be assigned to this node
[2021-10-24T14:19:05,256][INFO ][o.e.c.r.a.DiskThresholdMonitor] [yqBlHWb] low disk watermark [85%] exceeded on [yqBlHWbIT8qEGGGAO_VWOA][yqBlHWb][C:\Users\Tomik\Dropbox\xrysav27\DIP\RePhoto\#elasticsearch-6.2.4\data\nodes\0] free: 27.8gb[13.9%], replicas will not be assigned to this node
[2021-10-24T14:19:35,285][INFO ][o.e.c.r.a.DiskThresholdMonitor] [yqBlHWb] low disk watermark [85%] exceeded on [yqBlHWbIT8qEGGGAO_VWOA][yqBlHWb][C:\Users\Tomik\Dropbox\xrysav27\DIP\RePhoto\#elasticsearch-6.2.4\data\nodes\0] free: 27.8gb[13.9%], replicas will not be assigned to this node
[2021-10-24T14:20:05,311][INFO ][o.e.c.r.a.DiskThresholdMonitor] [yqBlHWb] low disk watermark [85%] exceeded on [yqBlHWbIT8qEGGGAO_VWOA][yqBlHWb][C:\Users\Tomik\Dropbox\xrysav27\DIP\RePhoto\#elasticsearch-6.2.4\data\nodes\0] free: 27.8gb[13.9%], replicas will not be assigned to this node
[2021-10-24T14:20:35,326][INFO ][o.e.c.r.a.DiskThresholdMonitor] [yqBlHWb] low disk watermark [85%] exceeded on [yqBlHWbIT8qEGGGAO_VWOA][yqBlHWb][C:\Users\Tomik\Dropbox\xrysav27\DIP\RePhoto\#elasticsearch-6.2.4\data\nodes\0] free: 27.8gb[13.9%], replicas will not be assigned to this node
[2021-10-24T14:21:05,343][INFO ][o.e.c.r.a.DiskThresholdMonitor] [yqBlHWb] low disk watermark [85%] exceeded on [yqBlHWbIT8qEGGGAO_VWOA][yqBlHWb][C:\Users\Tomik\Dropbox\xrysav27\DIP\RePhoto\#elasticsearch-6.2.4\data\nodes\0] free: 27.8gb[13.9%], replicas will not be assigned to this node
[2021-10-24T14:21:35,361][INFO ][o.e.c.r.a.DiskThresholdMonitor] [yqBlHWb] low disk watermark [85%] exceeded on [yqBlHWbIT8qEGGGAO_VWOA][yqBlHWb][C:\Users\Tomik\Dropbox\xrysav27\DIP\RePhoto\#elasticsearch-6.2.4\data\nodes\0] free: 27.8gb[13.9%], replicas will not be assigned to this node
[2021-10-24T14:22:05,378][INFO ][o.e.c.r.a.DiskThresholdMonitor] [yqBlHWb] low disk watermark [85%] exceeded on [yqBlHWbIT8qEGGGAO_VWOA][yqBlHWb][C:\Users\Tomik\Dropbox\xrysav27\DIP\RePhoto\#elasticsearch-6.2.4\data\nodes\0] free: 27.8gb[13.9%], replicas will not be assigned to this node
[2021-10-24T14:22:35,393][INFO ][o.e.c.r.a.DiskThresholdMonitor] [yqBlHWb] low disk watermark [85%] exceeded on [yqBlHWbIT8qEGGGAO_VWOA][yqBlHWb][C:\Users\Tomik\Dropbox\xrysav27\DIP\RePhoto\#elasticsearch-6.2.4\data\nodes\0] free: 27.8gb[13.9%], replicas will not be assigned to this node
[2021-10-24T14:23:05,412][INFO ][o.e.c.r.a.DiskThresholdMonitor] [yqBlHWb] low disk watermark [85%] exceeded on [yqBlHWbIT8qEGGGAO_VWOA][yqBlHWb][C:\Users\Tomik\Dropbox\xrysav27\DIP\RePhoto\#elasticsearch-6.2.4\data\nodes\0] free: 27.8gb[13.9%], replicas will not be assigned to this node
[2021-10-24T14:23:35,429][INFO ][o.e.c.r.a.DiskThresholdMonitor] [yqBlHWb] low disk watermark [85%] exceeded on [yqBlHWbIT8qEGGGAO_VWOA][yqBlHWb][C:\Users\Tomik\Dropbox\xrysav27\DIP\RePhoto\#elasticsearch-6.2.4\data\nodes\0] free: 27.8gb[13.9%], replicas will not be assigned to this node
[2021-10-24T14:24:05,446][INFO ][o.e.c.r.a.DiskThresholdMonitor] [yqBlHWb] low disk watermark [85%] exceeded on [yqBlHWbIT8qEGGGAO_VWOA][yqBlHWb][C:\Users\Tomik\Dropbox\xrysav27\DIP\RePhoto\#elasticsearch-6.2.4\data\nodes\0] free: 27.8gb[13.9%], replicas will not be assigned to this node
[2021-10-24T14:24:35,468][INFO ][o.e.c.r.a.DiskThresholdMonitor] [yqBlHWb] low disk watermark [85%] exceeded on [yqBlHWbIT8qEGGGAO_VWOA][yqBlHWb][C:\Users\Tomik\Dropbox\xrysav27\DIP\RePhoto\#elasticsearch-6.2.4\data\nodes\0] free: 27.8gb[13.9%], replicas will not be assigned to this node
[2021-10-24T14:25:05,483][INFO ][o.e.c.r.a.DiskThresholdMonitor] [yqBlHWb] low disk watermark [85%] exceeded on [yqBlHWbIT8qEGGGAO_VWOA][yqBlHWb][C:\Users\Tomik\Dropbox\xrysav27\DIP\RePhoto\#elasticsearch-6.2.4\data\nodes\0] free: 27.8gb[13.9%], replicas will not be assigned to this node
[2021-10-24T14:25:35,501][INFO ][o.e.c.r.a.DiskThresholdMonitor] [yqBlHWb] low disk watermark [85%] exceeded on [yqBlHWbIT8qEGGGAO_VWOA][yqBlHWb][C:\Users\Tomik\Dropbox\xrysav27\DIP\RePhoto\#elasticsearch-6.2.4\data\nodes\0] free: 27.8gb[13.9%], replicas will not be assigned to this node
[2021-10-24T14:26:05,535][INFO ][o.e.c.r.a.DiskThresholdMonitor] [yqBlHWb] low disk watermark [85%] exceeded on [yqBlHWbIT8qEGGGAO_VWOA][yqBlHWb][C:\Users\Tomik\Dropbox\xrysav27\DIP\RePhoto\#elasticsearch-6.2.4\data\nodes\0] free: 27.8gb[13.9%], replicas will not be assigned to this node
[2021-10-24T14:26:16,856][INFO ][o.e.b.Bootstrap          ] running graceful exit on windows
[2021-10-24T14:26:16,858][INFO ][o.e.n.Node               ] [yqBlHWb] stopping ...
[2021-10-24T14:26:16,902][INFO ][o.e.n.Node               ] [yqBlHWb] stopped
[2021-10-24T14:26:16,903][INFO ][o.e.n.Node               ] [yqBlHWb] closing ...
[2021-10-24T14:26:16,914][INFO ][o.e.n.Node               ] [yqBlHWb] closed
[2021-10-24T14:35:25,566][INFO ][o.e.n.Node               ] [] initializing ...
[2021-10-24T14:35:25,649][INFO ][o.e.e.NodeEnvironment    ] [yqBlHWb] using [1] data paths, mounts [[(C:)]], net usable_space [30.1gb], net total_space [199.7gb], types [NTFS]
[2021-10-24T14:35:25,649][INFO ][o.e.e.NodeEnvironment    ] [yqBlHWb] heap size [989.8mb], compressed ordinary object pointers [true]
[2021-10-24T14:35:25,714][INFO ][o.e.n.Node               ] node name [yqBlHWb] derived from node ID [yqBlHWbIT8qEGGGAO_VWOA]; set [node.name] to override
[2021-10-24T14:35:25,714][INFO ][o.e.n.Node               ] version[6.2.4], pid[15464], build[ccec39f/2018-04-12T20:37:28.497551Z], OS[Windows 10/10.0/amd64], JVM[Oracle Corporation/Java HotSpot(TM) 64-Bit Server VM/1.8.0_291/25.291-b10]
[2021-10-24T14:35:25,715][INFO ][o.e.n.Node               ] JVM arguments [-Xms1g, -Xmx1g, -XX:+UseConcMarkSweepGC, -XX:CMSInitiatingOccupancyFraction=75, -XX:+UseCMSInitiatingOccupancyOnly, -XX:+AlwaysPreTouch, -Xss1m, -Djava.awt.headless=true, -Dfile.encoding=UTF-8, -Djna.nosys=true, -XX:-OmitStackTraceInFastThrow, -Dio.netty.noUnsafe=true, -Dio.netty.noKeySetOptimization=true, -Dio.netty.recycler.maxCapacityPerThread=0, -Dlog4j.shutdownHookEnabled=false, -Dlog4j2.disable.jmx=true, -Djava.io.tmpdir=C:\Users\Tomik\AppData\Local\Temp\elasticsearch, -XX:+HeapDumpOnOutOfMemoryError, -XX:+PrintGCDetails, -XX:+PrintGCDateStamps, -XX:+PrintTenuringDistribution, -XX:+PrintGCApplicationStoppedTime, -Xloggc:logs/gc.log, -XX:+UseGCLogFileRotation, -XX:NumberOfGCLogFiles=32, -XX:GCLogFileSize=64m, -Delasticsearch, -Des.path.home=C:\Users\Tomik\Dropbox\xrysav27\DIP\RePhoto\#elasticsearch-6.2.4, -Des.path.conf=C:\Users\Tomik\Dropbox\xrysav27\DIP\RePhoto\#elasticsearch-6.2.4\config]
[2021-10-24T14:35:26,981][INFO ][o.e.p.PluginsService     ] [yqBlHWb] loaded module [aggs-matrix-stats]
[2021-10-24T14:35:26,982][INFO ][o.e.p.PluginsService     ] [yqBlHWb] loaded module [analysis-common]
[2021-10-24T14:35:26,982][INFO ][o.e.p.PluginsService     ] [yqBlHWb] loaded module [ingest-common]
[2021-10-24T14:35:26,982][INFO ][o.e.p.PluginsService     ] [yqBlHWb] loaded module [lang-expression]
[2021-10-24T14:35:26,983][INFO ][o.e.p.PluginsService     ] [yqBlHWb] loaded module [lang-mustache]
[2021-10-24T14:35:26,983][INFO ][o.e.p.PluginsService     ] [yqBlHWb] loaded module [lang-painless]
[2021-10-24T14:35:26,983][INFO ][o.e.p.PluginsService     ] [yqBlHWb] loaded module [mapper-extras]
[2021-10-24T14:35:26,983][INFO ][o.e.p.PluginsService     ] [yqBlHWb] loaded module [parent-join]
[2021-10-24T14:35:26,984][INFO ][o.e.p.PluginsService     ] [yqBlHWb] loaded module [percolator]
[2021-10-24T14:35:26,984][INFO ][o.e.p.PluginsService     ] [yqBlHWb] loaded module [rank-eval]
[2021-10-24T14:35:26,984][INFO ][o.e.p.PluginsService     ] [yqBlHWb] loaded module [reindex]
[2021-10-24T14:35:26,984][INFO ][o.e.p.PluginsService     ] [yqBlHWb] loaded module [repository-url]
[2021-10-24T14:35:26,985][INFO ][o.e.p.PluginsService     ] [yqBlHWb] loaded module [transport-netty4]
[2021-10-24T14:35:26,986][INFO ][o.e.p.PluginsService     ] [yqBlHWb] loaded module [tribe]
[2021-10-24T14:35:26,987][INFO ][o.e.p.PluginsService     ] [yqBlHWb] no plugins loaded
[2021-10-24T14:35:31,276][INFO ][o.e.d.DiscoveryModule    ] [yqBlHWb] using discovery type [zen]
[2021-10-24T14:35:32,660][INFO ][o.e.n.Node               ] initialized
[2021-10-24T14:35:32,661][INFO ][o.e.n.Node               ] [yqBlHWb] starting ...
[2021-10-24T14:35:34,179][INFO ][o.e.t.TransportService   ] [yqBlHWb] publish_address {127.0.0.1:9300}, bound_addresses {127.0.0.1:9300}, {[::1]:9300}
[2021-10-24T14:35:37,249][INFO ][o.e.c.s.MasterService    ] [yqBlHWb] zen-disco-elected-as-master ([0] nodes joined), reason: new_master {yqBlHWb}{yqBlHWbIT8qEGGGAO_VWOA}{5Aha22_mSnOdET225jlIaQ}{127.0.0.1}{127.0.0.1:9300}
[2021-10-24T14:35:37,254][INFO ][o.e.c.s.ClusterApplierService] [yqBlHWb] new_master {yqBlHWb}{yqBlHWbIT8qEGGGAO_VWOA}{5Aha22_mSnOdET225jlIaQ}{127.0.0.1}{127.0.0.1:9300}, reason: apply cluster state (from master [master {yqBlHWb}{yqBlHWbIT8qEGGGAO_VWOA}{5Aha22_mSnOdET225jlIaQ}{127.0.0.1}{127.0.0.1:9300} committed version [1] source [zen-disco-elected-as-master ([0] nodes joined)]])
[2021-10-24T14:35:37,410][INFO ][o.e.g.GatewayService     ] [yqBlHWb] recovered [1] indices into cluster_state
[2021-10-24T14:35:37,681][INFO ][o.e.c.r.a.AllocationService] [yqBlHWb] Cluster health status changed from [RED] to [YELLOW] (reason: [shards started [[places][1]] ...]).
[2021-10-24T14:35:38,103][INFO ][o.e.h.n.Netty4HttpServerTransport] [yqBlHWb] publish_address {127.0.0.1:9200}, bound_addresses {127.0.0.1:9200}, {[::1]:9200}
[2021-10-24T14:35:38,104][INFO ][o.e.n.Node               ] [yqBlHWb] started
[2021-10-24T14:38:22,469][INFO ][o.e.b.Bootstrap          ] running graceful exit on windows
[2021-10-24T14:38:22,470][INFO ][o.e.n.Node               ] [yqBlHWb] stopping ...
[2021-10-24T14:38:22,624][INFO ][o.e.n.Node               ] [yqBlHWb] stopped
[2021-10-24T14:38:22,624][INFO ][o.e.n.Node               ] [yqBlHWb] closing ...
[2021-10-24T14:38:22,631][INFO ][o.e.n.Node               ] [yqBlHWb] closed
